<?xml version="1.0" encoding="UTF-8"?>
<testng-results ignored="0" total="2" passed="2" failed="0" skipped="0">
  <reporter-output>
  </reporter-output>
  <suite started-at="2022-10-30T22:35:45 IST" name="com.sdet.maven.AppTest" finished-at="2022-10-30T22:35:45 IST" duration-ms="68">
    <groups>
    </groups>
    <test started-at="2022-10-30T22:35:45 IST" name="Command line test" finished-at="2022-10-30T22:35:45 IST" duration-ms="68">
      <class name="com.sdet.maven.AppTest">
        <test-method signature="testlogin1()[pri:0, instance:com.sdet.maven.AppTest@5b7a5baa]" started-at="2022-10-30T22:35:45 IST" name="testlogin1" finished-at="2022-10-30T22:35:45 IST" duration-ms="14" status="PASS">
          <reporter-output>
          </reporter-output>
        </test-method> <!-- testlogin1 -->
        <test-method signature="testlogin2()[pri:0, instance:com.sdet.maven.AppTest@5b7a5baa]" started-at="2022-10-30T22:35:45 IST" name="testlogin2" finished-at="2022-10-30T22:35:45 IST" duration-ms="0" status="PASS">
          <reporter-output>
          </reporter-output>
        </test-method> <!-- testlogin2 -->
      </class> <!-- com.sdet.maven.AppTest -->
    </test> <!-- Command line test -->
  </suite> <!-- com.sdet.maven.AppTest -->
</testng-results>
